<?xml version="1.0" encoding="UTF-8"?>
<testng-results ignored="0" total="2" passed="1" failed="1" skipped="0">
  <reporter-output>
  </reporter-output>
  <suite started-at="2024-09-23T17:15:04 CDT" name="FB Suite" finished-at="2024-09-23T17:15:04 CDT" duration-ms="527">
    <groups>
    </groups>
    <test started-at="2024-09-23T17:15:04 CDT" name="Login Test" finished-at="2024-09-23T17:15:04 CDT" duration-ms="472">
      <class name="testNGExtent.LoginTest">
        <test-method is-config="true" signature="init()[pri:0, instance:testNGExtent.LoginTest@6356695f]" started-at="2024-09-23T17:15:04 CDT" name="init" finished-at="2024-09-23T17:15:04 CDT" duration-ms="207" status="PASS">
          <reporter-output>
          </reporter-output>
        </test-method> <!-- init -->
        <test-method signature="sampleReport()[pri:0, instance:testNGExtent.LoginTest@6356695f]" started-at="2024-09-23T17:15:04 CDT" name="sampleReport" finished-at="2024-09-23T17:15:04 CDT" duration-ms="11" status="FAIL">
          <exception class="java.lang.AssertionError">
            <message>
              <![CDATA[expected:<Facebook Login Page> but was:<Facebook Home Page>]]>
            </message>
            <full-stacktrace>
              <![CDATA[java.lang.AssertionError: expected:<Facebook Login Page> but was:<Facebook Home Page>
at org.testng.AssertJUnit.assertEquals(AssertJUnit.java:115)
at org.testng.AssertJUnit.assertEquals(AssertJUnit.java:125)
at testNGExtent.LoginTest.sampleReport(LoginTest.java:43)
at java.base/jdk.internal.reflect.DirectMethodHandleAccessor.invoke(DirectMethodHandleAccessor.java:103)
at java.base/java.lang.reflect.Method.invoke(Method.java:580)
at org.testng.internal.invokers.MethodInvocationHelper.invokeMethod(MethodInvocationHelper.java:141)
at org.testng.internal.invokers.TestInvoker.invokeMethod(TestInvoker.java:686)
at org.testng.internal.invokers.TestInvoker.invokeTestMethod(TestInvoker.java:230)
at org.testng.internal.invokers.MethodRunner.runInSequence(MethodRunner.java:63)
at org.testng.internal.invokers.TestInvoker$MethodInvocationAgent.invoke(TestInvoker.java:992)
at org.testng.internal.invokers.TestInvoker.invokeTestMethods(TestInvoker.java:203)
at org.testng.internal.invokers.TestMethodWorker.invokeTestMethods(TestMethodWorker.java:154)
at org.testng.internal.invokers.TestMethodWorker.run(TestMethodWorker.java:134)
at java.base/java.util.ArrayList.forEach(ArrayList.java:1597)
at org.testng.TestRunner.privateRun(TestRunner.java:739)
at org.testng.TestRunner.run(TestRunner.java:614)
at org.testng.SuiteRunner.runTest(SuiteRunner.java:421)
at org.testng.SuiteRunner.runSequentially(SuiteRunner.java:413)
at org.testng.SuiteRunner.privateRun(SuiteRunner.java:373)
at org.testng.SuiteRunner.run(SuiteRunner.java:312)
at org.testng.SuiteRunnerWorker.runSuite(SuiteRunnerWorker.java:52)
at org.testng.SuiteRunnerWorker.run(SuiteRunnerWorker.java:95)
at org.testng.TestNG.runSuitesSequentially(TestNG.java:1274)
at org.testng.TestNG.runSuitesLocally(TestNG.java:1208)
at org.testng.TestNG.runSuites(TestNG.java:1112)
at org.testng.TestNG.run(TestNG.java:1079)
at org.testng.remote.AbstractRemoteTestNG.run(AbstractRemoteTestNG.java:115)
at org.testng.remote.RemoteTestNG.initAndRun(RemoteTestNG.java:293)
at org.testng.remote.RemoteTestNG.main(RemoteTestNG.java:91)
]]>
            </full-stacktrace>
          </exception> <!-- java.lang.AssertionError -->
          <reporter-output>
          </reporter-output>
        </test-method> <!-- sampleReport -->
        <test-method is-config="true" signature="quit()[pri:0, instance:testNGExtent.LoginTest@6356695f]" started-at="2024-09-23T17:15:04 CDT" name="quit" finished-at="2024-09-23T17:15:04 CDT" duration-ms="216" status="PASS">
          <reporter-output>
          </reporter-output>
        </test-method> <!-- quit -->
      </class> <!-- testNGExtent.LoginTest -->
    </test> <!-- Login Test -->
    <test started-at="2024-09-23T17:15:04 CDT" name="Registration Test" finished-at="2024-09-23T17:15:04 CDT" duration-ms="34">
      <class name="testNGExtent.RegistrationTest">
        <test-method is-config="true" signature="init()[pri:0, instance:testNGExtent.RegistrationTest@235834f2]" started-at="2024-09-23T17:15:04 CDT" name="init" finished-at="2024-09-23T17:15:04 CDT" duration-ms="1" status="PASS">
          <reporter-output>
          </reporter-output>
        </test-method> <!-- init -->
        <test-method signature="registrationTest()[pri:0, instance:testNGExtent.RegistrationTest@235834f2]" started-at="2024-09-23T17:15:04 CDT" name="registrationTest" finished-at="2024-09-23T17:15:04 CDT" duration-ms="1" status="PASS">
          <reporter-output>
          </reporter-output>
        </test-method> <!-- registrationTest -->
        <test-method is-config="true" signature="quit()[pri:0, instance:testNGExtent.RegistrationTest@235834f2]" started-at="2024-09-23T17:15:04 CDT" name="quit" finished-at="2024-09-23T17:15:04 CDT" duration-ms="28" status="PASS">
          <reporter-output>
          </reporter-output>
        </test-method> <!-- quit -->
      </class> <!-- testNGExtent.RegistrationTest -->
    </test> <!-- Registration Test -->
  </suite> <!-- FB Suite -->
</testng-results>
